<?xml version="1.0" encoding="UTF-8"?>
<!-- Generated by org.testng.reporters.JUnitReportReporter -->
<testsuite hostname="DESKTOP-KB2S5FR" failures="0" tests="1" name="SeleniumProject.SeleniumAssignments.Assignment6" time="4.350" errors="0" timestamp="2023-06-19T22:37:25 CDT" skipped="0">
  <testcase classname="SeleniumProject.SeleniumAssignments.Assignment6" name="dragAndDrop" time="4.350"/>
</testsuite> <!-- SeleniumProject.SeleniumAssignments.Assignment6 -->
