<?xml version="1.0" encoding="UTF-8"?>
<!-- Generated by org.testng.reporters.JUnitReportReporter -->
<testsuite hostname="DESKTOP-KB2S5FR" failures="0" tests="1" name="SeleniumProject.SeleniumAssignments.Assignment4" time="10.834" errors="0" timestamp="2023-06-19T14:20:21 CDT" skipped="0">
  <testcase classname="SeleniumProject.SeleniumAssignments.Assignment4" name="searchProduct" time="10.834"/>
</testsuite> <!-- SeleniumProject.SeleniumAssignments.Assignment4 -->
